<?xml version="1.0" encoding="UTF-8"?>
<coverage generated="1487004956834" clover="3.2.0">
  <project timestamp="1487004956834" name="All files">
    <metrics statements="86" coveredstatements="77" conditionals="42" coveredconditionals="40" methods="12" coveredmethods="11" elements="140" coveredelements="128" complexity="0" loc="86" ncloc="86" packages="3" files="6" classes="6">
      <package name="config">
        <metrics statements="4" coveredstatements="4" conditionals="0" coveredconditionals="0" methods="0" coveredmethods="0"/>
        <file name="Config.js" path="/Users/ltrias/Desktop/testapp/config/Config.js">
          <metrics statements="4" coveredstatements="4" conditionals="0" coveredconditionals="0" methods="0" coveredmethods="0"/>
          <line num="3" count="1" type="stmt"/>
          <line num="4" count="1" type="stmt"/>
          <line num="6" count="1" type="stmt"/>
          <line num="37" count="1" type="stmt"/>
        </file>
      </package>
      <package name="controllers">
        <metrics statements="46" coveredstatements="37" conditionals="18" coveredconditionals="16" methods="4" coveredmethods="3"/>
        <file name="CheckoutController.js" path="/Users/ltrias/Desktop/testapp/controllers/CheckoutController.js">
          <metrics statements="46" coveredstatements="37" conditionals="18" coveredconditionals="16" methods="4" coveredmethods="3"/>
          <line num="3" count="1" type="stmt"/>
          <line num="4" count="1" type="stmt"/>
          <line num="5" count="1" type="stmt"/>
          <line num="9" count="0" type="stmt"/>
          <line num="10" count="0" type="stmt"/>
          <line num="11" count="0" type="stmt"/>
          <line num="14" count="0" type="stmt"/>
          <line num="15" count="0" type="stmt"/>
          <line num="17" count="0" type="stmt"/>
          <line num="18" count="0" type="stmt"/>
          <line num="21" count="0" type="stmt"/>
          <line num="23" count="0" type="stmt"/>
          <line num="27" count="5" type="stmt"/>
          <line num="28" count="5" type="stmt"/>
          <line num="30" count="5" type="stmt"/>
          <line num="32" count="5" type="stmt"/>
          <line num="33" count="2" type="stmt"/>
          <line num="34" count="2" type="stmt"/>
          <line num="37" count="5" type="stmt"/>
          <line num="38" count="5" type="stmt"/>
          <line num="39" count="4" type="stmt"/>
          <line num="40" count="4" type="stmt"/>
          <line num="43" count="5" type="stmt"/>
          <line num="44" count="4" type="stmt"/>
          <line num="47" count="1" type="stmt"/>
          <line num="49" count="1" type="stmt"/>
          <line num="50" count="2" type="stmt"/>
          <line num="53" count="1" type="stmt"/>
          <line num="57" count="4" type="stmt"/>
          <line num="58" count="4" type="stmt"/>
          <line num="60" count="4" type="stmt"/>
          <line num="61" count="22" type="stmt"/>
          <line num="63" count="22" type="stmt"/>
          <line num="64" count="8" type="stmt"/>
          <line num="66" count="14" type="stmt"/>
          <line num="67" count="14" type="stmt"/>
          <line num="71" count="4" type="stmt"/>
          <line num="73" count="4" type="stmt"/>
          <line num="74" count="8" type="stmt"/>
          <line num="76" count="8" type="stmt"/>
          <line num="77" count="6" type="stmt"/>
          <line num="80" count="8" type="stmt"/>
          <line num="81" count="5" type="stmt"/>
          <line num="83" count="3" type="stmt"/>
          <line num="87" count="4" type="stmt"/>
          <line num="91" count="1" type="stmt"/>
        </file>
      </package>
      <package name="models">
        <metrics statements="36" coveredstatements="36" conditionals="24" coveredconditionals="24" methods="8" coveredmethods="8"/>
        <file name="Ad.js" path="/Users/ltrias/Desktop/testapp/models/Ad.js">
          <metrics statements="9" coveredstatements="9" conditionals="6" coveredconditionals="6" methods="2" coveredmethods="2"/>
          <line num="3" count="2" type="stmt"/>
          <line num="7" count="26" type="stmt"/>
          <line num="8" count="1" type="stmt"/>
          <line num="11" count="25" type="stmt"/>
          <line num="13" count="25" type="stmt"/>
          <line num="14" count="1" type="stmt"/>
          <line num="17" count="24" type="stmt"/>
          <line num="22" count="26" type="stmt"/>
          <line num="25" count="2" type="stmt"/>
        </file>
        <file name="Checkout.js" path="/Users/ltrias/Desktop/testapp/models/Checkout.js">
          <metrics statements="5" coveredstatements="5" conditionals="0" coveredconditionals="0" methods="2" coveredmethods="2"/>
          <line num="5" count="5" type="stmt"/>
          <line num="6" count="5" type="stmt"/>
          <line num="7" count="5" type="stmt"/>
          <line num="11" count="24" type="stmt"/>
          <line num="15" count="1" type="stmt"/>
        </file>
        <file name="NByMCommercialCondition.js" path="/Users/ltrias/Desktop/testapp/models/NByMCommercialCondition.js">
          <metrics statements="10" coveredstatements="10" conditionals="10" coveredconditionals="10" methods="2" coveredmethods="2"/>
          <line num="5" count="10" type="stmt"/>
          <line num="6" count="2" type="stmt"/>
          <line num="8" count="8" type="stmt"/>
          <line num="9" count="8" type="stmt"/>
          <line num="13" count="9" type="stmt"/>
          <line num="14" count="2" type="stmt"/>
          <line num="17" count="7" type="stmt"/>
          <line num="18" count="7" type="stmt"/>
          <line num="20" count="7" type="stmt"/>
          <line num="24" count="2" type="stmt"/>
        </file>
        <file name="PriceDropCommercialCondition.js" path="/Users/ltrias/Desktop/testapp/models/PriceDropCommercialCondition.js">
          <metrics statements="12" coveredstatements="12" conditionals="8" coveredconditionals="8" methods="2" coveredmethods="2"/>
          <line num="5" count="10" type="stmt"/>
          <line num="6" count="1" type="stmt"/>
          <line num="8" count="9" type="stmt"/>
          <line num="9" count="9" type="stmt"/>
          <line num="13" count="7" type="stmt"/>
          <line num="14" count="2" type="stmt"/>
          <line num="17" count="5" type="stmt"/>
          <line num="19" count="5" type="stmt"/>
          <line num="20" count="3" type="stmt"/>
          <line num="22" count="2" type="stmt"/>
          <line num="25" count="5" type="stmt"/>
          <line num="29" count="2" type="stmt"/>
        </file>
      </package>
    </metrics>
  </project>
</coverage>
