{"/Users/ltrias/Desktop/testapp/config/Config.js": {"path":"/Users/ltrias/Desktop/testapp/config/Config.js","statementMap":{"0":{"start":{"line":3,"column":30},"end":{"line":3,"column":74}},"1":{"start":{"line":4,"column":35},"end":{"line":4,"column":84}},"2":{"start":{"line":6,"column":13},"end":{"line":35,"column":1}},"3":{"start":{"line":37,"column":0},"end":{"line":37,"column":24}}},"fnMap":{},"branchMap":{},"s":{"0":1,"1":1,"2":1,"3":1},"f":{},"b":{},"_coverageSchema":"332fd63041d2c1bcb487cc26dd0d5f7d97098a6c","hash":"783d5a435df39ab9e369a5179e294ea6f6b756b7"}
,"/Users/ltrias/Desktop/testapp/controllers/CheckoutController.js": {"path":"/Users/ltrias/Desktop/testapp/controllers/CheckoutController.js","statementMap":{"0":{"start":{"line":3,"column":9},"end":{"line":3,"column":32}},"1":{"start":{"line":4,"column":15},"end":{"line":4,"column":44}},"2":{"start":{"line":5,"column":13},"end":{"line":5,"column":40}},"3":{"start":{"line":9,"column":8},"end":{"line":12,"column":9}},"4":{"start":{"line":10,"column":12},"end":{"line":10,"column":32}},"5":{"start":{"line":11,"column":12},"end":{"line":11,"column":19}},"6":{"start":{"line":14,"column":8},"end":{"line":19,"column":9}},"7":{"start":{"line":15,"column":22},"end":{"line":15,"column":49}},"8":{"start":{"line":17,"column":12},"end":{"line":17,"column":36}},"9":{"start":{"line":18,"column":12},"end":{"line":18,"column":19}},"10":{"start":{"line":21,"column":8},"end":{"line":21,"column":33}},"11":{"start":{"line":23,"column":8},"end":{"line":23,"column":38}},"12":{"start":{"line":27,"column":20},"end":{"line":27,"column":24}},"13":{"start":{"line":28,"column":20},"end":{"line":28,"column":22}},"14":{"start":{"line":30,"column":23},"end":{"line":30,"column":36}},"15":{"start":{"line":32,"column":8},"end":{"line":35,"column":9}},"16":{"start":{"line":33,"column":12},"end":{"line":33,"column":26}},"17":{"start":{"line":34,"column":12},"end":{"line":34,"column":46}},"18":{"start":{"line":37,"column":18},"end":{"line":37,"column":26}},"19":{"start":{"line":38,"column":8},"end":{"line":41,"column":9}},"20":{"start":{"line":39,"column":12},"end":{"line":39,"column":26}},"21":{"start":{"line":40,"column":12},"end":{"line":40,"column":39}},"22":{"start":{"line":43,"column":8},"end":{"line":45,"column":9}},"23":{"start":{"line":44,"column":12},"end":{"line":44,"column":24}},"24":{"start":{"line":47,"column":21},"end":{"line":47,"column":43}},"25":{"start":{"line":49,"column":8},"end":{"line":51,"column":9}},"26":{"start":{"line":50,"column":12},"end":{"line":50,"column":60}},"27":{"start":{"line":53,"column":8},"end":{"line":53,"column":22}},"28":{"start":{"line":57,"column":20},"end":{"line":57,"column":21}},"29":{"start":{"line":58,"column":24},"end":{"line":58,"column":26}},"30":{"start":{"line":60,"column":8},"end":{"line":69,"column":11}},"31":{"start":{"line":61,"column":29},"end":{"line":61,"column":47}},"32":{"start":{"line":63,"column":12},"end":{"line":68,"column":13}},"33":{"start":{"line":64,"column":16},"end":{"line":64,"column":42}},"34":{"start":{"line":66,"column":16},"end":{"line":66,"column":51}},"35":{"start":{"line":67,"column":16},"end":{"line":67,"column":48}},"36":{"start":{"line":71,"column":32},"end":{"line":71,"column":70}},"37":{"start":{"line":73,"column":8},"end":{"line":85,"column":9}},"38":{"start":{"line":74,"column":35},"end":{"line":74,"column":39}},"39":{"start":{"line":76,"column":12},"end":{"line":78,"column":13}},"40":{"start":{"line":77,"column":16},"end":{"line":77,"column":58}},"41":{"start":{"line":80,"column":12},"end":{"line":84,"column":13}},"42":{"start":{"line":81,"column":16},"end":{"line":81,"column":97}},"43":{"start":{"line":83,"column":16},"end":{"line":83,"column":72}},"44":{"start":{"line":87,"column":8},"end":{"line":87,"column":26}},"45":{"start":{"line":91,"column":0},"end":{"line":91,"column":36}}},"fnMap":{"0":{"name":"(anonymous_0)","decl":{"start":{"line":8,"column":4},"end":{"line":8,"column":5}},"loc":{"start":{"line":8,"column":20},"end":{"line":24,"column":5}}},"1":{"name":"(anonymous_1)","decl":{"start":{"line":26,"column":4},"end":{"line":26,"column":5}},"loc":{"start":{"line":26,"column":22},"end":{"line":54,"column":5}}},"2":{"name":"(anonymous_2)","decl":{"start":{"line":56,"column":4},"end":{"line":56,"column":5}},"loc":{"start":{"line":56,"column":23},"end":{"line":88,"column":5}}},"3":{"name":"(anonymous_3)","decl":{"start":{"line":60,"column":20},"end":{"line":60,"column":21}},"loc":{"start":{"line":60,"column":28},"end":{"line":69,"column":9}}}},"branchMap":{"0":{"loc":{"start":{"line":9,"column":8},"end":{"line":12,"column":9}},"type":"if","locations":[{"start":{"line":9,"column":8},"end":{"line":12,"column":9}},{"start":{"line":9,"column":8},"end":{"line":12,"column":9}}]},"1":{"loc":{"start":{"line":32,"column":8},"end":{"line":35,"column":9}},"type":"if","locations":[{"start":{"line":32,"column":8},"end":{"line":35,"column":9}},{"start":{"line":32,"column":8},"end":{"line":35,"column":9}}]},"2":{"loc":{"start":{"line":32,"column":12},"end":{"line":32,"column":44}},"type":"binary-expr","locations":[{"start":{"line":32,"column":12},"end":{"line":32,"column":21}},{"start":{"line":32,"column":25},"end":{"line":32,"column":44}}]},"3":{"loc":{"start":{"line":38,"column":8},"end":{"line":41,"column":9}},"type":"if","locations":[{"start":{"line":38,"column":8},"end":{"line":41,"column":9}},{"start":{"line":38,"column":8},"end":{"line":41,"column":9}}]},"4":{"loc":{"start":{"line":38,"column":12},"end":{"line":38,"column":34}},"type":"binary-expr","locations":[{"start":{"line":38,"column":12},"end":{"line":38,"column":16}},{"start":{"line":38,"column":20},"end":{"line":38,"column":34}}]},"5":{"loc":{"start":{"line":43,"column":8},"end":{"line":45,"column":9}},"type":"if","locations":[{"start":{"line":43,"column":8},"end":{"line":45,"column":9}},{"start":{"line":43,"column":8},"end":{"line":45,"column":9}}]},"6":{"loc":{"start":{"line":63,"column":12},"end":{"line":68,"column":13}},"type":"if","locations":[{"start":{"line":63,"column":12},"end":{"line":68,"column":13}},{"start":{"line":63,"column":12},"end":{"line":68,"column":13}}]},"7":{"loc":{"start":{"line":76,"column":12},"end":{"line":78,"column":13}},"type":"if","locations":[{"start":{"line":76,"column":12},"end":{"line":78,"column":13}},{"start":{"line":76,"column":12},"end":{"line":78,"column":13}}]},"8":{"loc":{"start":{"line":80,"column":12},"end":{"line":84,"column":13}},"type":"if","locations":[{"start":{"line":80,"column":12},"end":{"line":84,"column":13}},{"start":{"line":80,"column":12},"end":{"line":84,"column":13}}]}},"s":{"0":1,"1":1,"2":1,"3":0,"4":0,"5":0,"6":0,"7":0,"8":0,"9":0,"10":0,"11":0,"12":5,"13":5,"14":5,"15":5,"16":2,"17":2,"18":5,"19":5,"20":4,"21":4,"22":5,"23":4,"24":1,"25":1,"26":2,"27":1,"28":4,"29":4,"30":4,"31":22,"32":22,"33":8,"34":14,"35":14,"36":4,"37":4,"38":8,"39":8,"40":6,"41":8,"42":5,"43":3,"44":4,"45":1},"f":{"0":0,"1":5,"2":4,"3":22},"b":{"0":[0,0],"1":[2,3],"2":[5,3],"3":[4,1],"4":[5,2],"5":[4,1],"6":[8,14],"7":[6,2],"8":[5,3]},"_coverageSchema":"332fd63041d2c1bcb487cc26dd0d5f7d97098a6c","hash":"602ee0e39d718145d918483a5ab50b3bbbb1d8cf"}
,"/Users/ltrias/Desktop/testapp/models/Ad.js": {"path":"/Users/ltrias/Desktop/testapp/models/Ad.js","statementMap":{"0":{"start":{"line":3,"column":20},"end":{"line":3,"column":54}},"1":{"start":{"line":7,"column":8},"end":{"line":9,"column":9}},"2":{"start":{"line":8,"column":12},"end":{"line":8,"column":45}},"3":{"start":{"line":11,"column":8},"end":{"line":11,"column":25}},"4":{"start":{"line":13,"column":8},"end":{"line":15,"column":9}},"5":{"start":{"line":14,"column":12},"end":{"line":14,"column":47}},"6":{"start":{"line":17,"column":8},"end":{"line":17,"column":27}},"7":{"start":{"line":22,"column":4},"end":{"line":22,"column":65}},"8":{"start":{"line":25,"column":0},"end":{"line":25,"column":20}}},"fnMap":{"0":{"name":"(anonymous_0)","decl":{"start":{"line":6,"column":4},"end":{"line":6,"column":5}},"loc":{"start":{"line":6,"column":28},"end":{"line":18,"column":5}}},"1":{"name":"valid","decl":{"start":{"line":21,"column":9},"end":{"line":21,"column":14}},"loc":{"start":{"line":21,"column":20},"end":{"line":23,"column":1}}}},"branchMap":{"0":{"loc":{"start":{"line":7,"column":8},"end":{"line":9,"column":9}},"type":"if","locations":[{"start":{"line":7,"column":8},"end":{"line":9,"column":9}},{"start":{"line":7,"column":8},"end":{"line":9,"column":9}}]},"1":{"loc":{"start":{"line":13,"column":8},"end":{"line":15,"column":9}},"type":"if","locations":[{"start":{"line":13,"column":8},"end":{"line":15,"column":9}},{"start":{"line":13,"column":8},"end":{"line":15,"column":9}}]},"2":{"loc":{"start":{"line":22,"column":11},"end":{"line":22,"column":64}},"type":"binary-expr","locations":[{"start":{"line":22,"column":11},"end":{"line":22,"column":15}},{"start":{"line":22,"column":19},"end":{"line":22,"column":64}}]}},"s":{"0":2,"1":26,"2":1,"3":25,"4":25,"5":1,"6":24,"7":26,"8":2},"f":{"0":26,"1":26},"b":{"0":[1,25],"1":[1,24],"2":[26,26]},"_coverageSchema":"332fd63041d2c1bcb487cc26dd0d5f7d97098a6c","hash":"8b83cf7756c1cdb308f5b842aecd74994c791323"}
,"/Users/ltrias/Desktop/testapp/models/Checkout.js": {"path":"/Users/ltrias/Desktop/testapp/models/Checkout.js","statementMap":{"0":{"start":{"line":5,"column":8},"end":{"line":5,"column":33}},"1":{"start":{"line":6,"column":8},"end":{"line":6,"column":22}},"2":{"start":{"line":7,"column":8},"end":{"line":7,"column":25}},"3":{"start":{"line":11,"column":8},"end":{"line":11,"column":39}},"4":{"start":{"line":15,"column":0},"end":{"line":15,"column":26}}},"fnMap":{"0":{"name":"(anonymous_0)","decl":{"start":{"line":4,"column":4},"end":{"line":4,"column":5}},"loc":{"start":{"line":4,"column":25},"end":{"line":8,"column":5}}},"1":{"name":"(anonymous_1)","decl":{"start":{"line":10,"column":4},"end":{"line":10,"column":5}},"loc":{"start":{"line":10,"column":13},"end":{"line":12,"column":5}}}},"branchMap":{},"s":{"0":5,"1":5,"2":5,"3":24,"4":1},"f":{"0":5,"1":24},"b":{},"_coverageSchema":"332fd63041d2c1bcb487cc26dd0d5f7d97098a6c","hash":"978ee551561caf9e77212bb6a82d15d06fcc564f"}
,"/Users/ltrias/Desktop/testapp/models/NByMCommercialCondition.js": {"path":"/Users/ltrias/Desktop/testapp/models/NByMCommercialCondition.js","statementMap":{"0":{"start":{"line":5,"column":8},"end":{"line":7,"column":9}},"1":{"start":{"line":6,"column":12},"end":{"line":6,"column":87}},"2":{"start":{"line":8,"column":8},"end":{"line":8,"column":19}},"3":{"start":{"line":9,"column":8},"end":{"line":9,"column":19}},"4":{"start":{"line":13,"column":8},"end":{"line":15,"column":9}},"5":{"start":{"line":14,"column":12},"end":{"line":14,"column":60}},"6":{"start":{"line":17,"column":27},"end":{"line":17,"column":46}},"7":{"start":{"line":18,"column":29},"end":{"line":18,"column":77}},"8":{"start":{"line":20,"column":8},"end":{"line":20,"column":72}},"9":{"start":{"line":24,"column":0},"end":{"line":24,"column":41}}},"fnMap":{"0":{"name":"(anonymous_0)","decl":{"start":{"line":4,"column":4},"end":{"line":4,"column":5}},"loc":{"start":{"line":4,"column":21},"end":{"line":10,"column":5}}},"1":{"name":"(anonymous_1)","decl":{"start":{"line":12,"column":4},"end":{"line":12,"column":5}},"loc":{"start":{"line":12,"column":38},"end":{"line":21,"column":5}}}},"branchMap":{"0":{"loc":{"start":{"line":5,"column":8},"end":{"line":7,"column":9}},"type":"if","locations":[{"start":{"line":5,"column":8},"end":{"line":7,"column":9}},{"start":{"line":5,"column":8},"end":{"line":7,"column":9}}]},"1":{"loc":{"start":{"line":5,"column":12},"end":{"line":5,"column":76}},"type":"binary-expr","locations":[{"start":{"line":5,"column":12},"end":{"line":5,"column":32}},{"start":{"line":5,"column":36},"end":{"line":5,"column":56}},{"start":{"line":5,"column":60},"end":{"line":5,"column":66}},{"start":{"line":5,"column":70},"end":{"line":5,"column":76}}]},"2":{"loc":{"start":{"line":13,"column":8},"end":{"line":15,"column":9}},"type":"if","locations":[{"start":{"line":13,"column":8},"end":{"line":15,"column":9}},{"start":{"line":13,"column":8},"end":{"line":15,"column":9}}]},"3":{"loc":{"start":{"line":13,"column":12},"end":{"line":13,"column":79}},"type":"binary-expr","locations":[{"start":{"line":13,"column":12},"end":{"line":13,"column":58}},{"start":{"line":13,"column":62},"end":{"line":13,"column":79}}]}},"s":{"0":10,"1":2,"2":8,"3":8,"4":9,"5":2,"6":7,"7":7,"8":7,"9":2},"f":{"0":10,"1":9},"b":{"0":[2,8],"1":[10,10,10,9],"2":[2,7],"3":[9,8]},"_coverageSchema":"332fd63041d2c1bcb487cc26dd0d5f7d97098a6c","hash":"7a7a5460339195a6bd3a719532a8fd0c52467cd5"}
,"/Users/ltrias/Desktop/testapp/models/PriceDropCommercialCondition.js": {"path":"/Users/ltrias/Desktop/testapp/models/PriceDropCommercialCondition.js","statementMap":{"0":{"start":{"line":5,"column":8},"end":{"line":7,"column":9}},"1":{"start":{"line":6,"column":12},"end":{"line":6,"column":71}},"2":{"start":{"line":8,"column":8},"end":{"line":8,"column":41}},"3":{"start":{"line":9,"column":8},"end":{"line":9,"column":33}},"4":{"start":{"line":13,"column":8},"end":{"line":15,"column":9}},"5":{"start":{"line":14,"column":12},"end":{"line":14,"column":60}},"6":{"start":{"line":17,"column":21},"end":{"line":17,"column":22}},"7":{"start":{"line":19,"column":8},"end":{"line":23,"column":9}},"8":{"start":{"line":20,"column":12},"end":{"line":20,"column":48}},"9":{"start":{"line":22,"column":12},"end":{"line":22,"column":48}},"10":{"start":{"line":25,"column":8},"end":{"line":25,"column":22}},"11":{"start":{"line":29,"column":0},"end":{"line":29,"column":46}}},"fnMap":{"0":{"name":"(anonymous_0)","decl":{"start":{"line":4,"column":4},"end":{"line":4,"column":5}},"loc":{"start":{"line":4,"column":39},"end":{"line":10,"column":5}}},"1":{"name":"(anonymous_1)","decl":{"start":{"line":12,"column":4},"end":{"line":12,"column":5}},"loc":{"start":{"line":12,"column":38},"end":{"line":26,"column":5}}}},"branchMap":{"0":{"loc":{"start":{"line":5,"column":8},"end":{"line":7,"column":9}},"type":"if","locations":[{"start":{"line":5,"column":8},"end":{"line":7,"column":9}},{"start":{"line":5,"column":8},"end":{"line":7,"column":9}}]},"1":{"loc":{"start":{"line":13,"column":8},"end":{"line":15,"column":9}},"type":"if","locations":[{"start":{"line":13,"column":8},"end":{"line":15,"column":9}},{"start":{"line":13,"column":8},"end":{"line":15,"column":9}}]},"2":{"loc":{"start":{"line":13,"column":12},"end":{"line":13,"column":79}},"type":"binary-expr","locations":[{"start":{"line":13,"column":12},"end":{"line":13,"column":58}},{"start":{"line":13,"column":62},"end":{"line":13,"column":79}}]},"3":{"loc":{"start":{"line":19,"column":8},"end":{"line":23,"column":9}},"type":"if","locations":[{"start":{"line":19,"column":8},"end":{"line":23,"column":9}},{"start":{"line":19,"column":8},"end":{"line":23,"column":9}}]}},"s":{"0":10,"1":1,"2":9,"3":9,"4":7,"5":2,"6":5,"7":5,"8":3,"9":2,"10":5,"11":2},"f":{"0":10,"1":7},"b":{"0":[1,9],"1":[2,5],"2":[7,6],"3":[3,2]},"_coverageSchema":"332fd63041d2c1bcb487cc26dd0d5f7d97098a6c","hash":"4c6b9013b28c1502695ae23e2e0cbde066ebe838"}
}
