TN:
SF:/Users/ltrias/Desktop/testapp/config/Config.js
FNF:0
FNH:0
DA:3,1
DA:4,1
DA:6,1
DA:37,1
LF:4
LH:4
BRF:0
BRH:0
end_of_record
TN:
SF:/Users/ltrias/Desktop/testapp/controllers/CheckoutController.js
FN:8,(anonymous_0)
FN:26,(anonymous_1)
FN:56,(anonymous_2)
FN:60,(anonymous_3)
FNF:4
FNH:3
FNDA:0,(anonymous_0)
FNDA:5,(anonymous_1)
FNDA:4,(anonymous_2)
FNDA:22,(anonymous_3)
DA:3,1
DA:4,1
DA:5,1
DA:9,0
DA:10,0
DA:11,0
DA:14,0
DA:15,0
DA:17,0
DA:18,0
DA:21,0
DA:23,0
DA:27,5
DA:28,5
DA:30,5
DA:32,5
DA:33,2
DA:34,2
DA:37,5
DA:38,5
DA:39,4
DA:40,4
DA:43,5
DA:44,4
DA:47,1
DA:49,1
DA:50,2
DA:53,1
DA:57,4
DA:58,4
DA:60,4
DA:61,22
DA:63,22
DA:64,8
DA:66,14
DA:67,14
DA:71,4
DA:73,4
DA:74,8
DA:76,8
DA:77,6
DA:80,8
DA:81,5
DA:83,3
DA:87,4
DA:91,1
LF:46
LH:37
BRDA:9,0,0,0
BRDA:9,0,1,0
BRDA:32,1,0,2
BRDA:32,1,1,3
BRDA:32,2,0,5
BRDA:32,2,1,3
BRDA:38,3,0,4
BRDA:38,3,1,1
BRDA:38,4,0,5
BRDA:38,4,1,2
BRDA:43,5,0,4
BRDA:43,5,1,1
BRDA:63,6,0,8
BRDA:63,6,1,14
BRDA:76,7,0,6
BRDA:76,7,1,2
BRDA:80,8,0,5
BRDA:80,8,1,3
BRF:18
BRH:16
end_of_record
TN:
SF:/Users/ltrias/Desktop/testapp/models/Ad.js
FN:6,(anonymous_0)
FN:21,valid
FNF:2
FNH:2
FNDA:26,(anonymous_0)
FNDA:26,valid
DA:3,2
DA:7,26
DA:8,1
DA:11,25
DA:13,25
DA:14,1
DA:17,24
DA:22,26
DA:25,2
LF:9
LH:9
BRDA:7,0,0,1
BRDA:7,0,1,25
BRDA:13,1,0,1
BRDA:13,1,1,24
BRDA:22,2,0,26
BRDA:22,2,1,26
BRF:6
BRH:6
end_of_record
TN:
SF:/Users/ltrias/Desktop/testapp/models/Checkout.js
FN:4,(anonymous_0)
FN:10,(anonymous_1)
FNF:2
FNH:2
FNDA:5,(anonymous_0)
FNDA:24,(anonymous_1)
DA:5,5
DA:6,5
DA:7,5
DA:11,24
DA:15,1
LF:5
LH:5
BRF:0
BRH:0
end_of_record
TN:
SF:/Users/ltrias/Desktop/testapp/models/NByMCommercialCondition.js
FN:4,(anonymous_0)
FN:12,(anonymous_1)
FNF:2
FNH:2
FNDA:10,(anonymous_0)
FNDA:9,(anonymous_1)
DA:5,10
DA:6,2
DA:8,8
DA:9,8
DA:13,9
DA:14,2
DA:17,7
DA:18,7
DA:20,7
DA:24,2
LF:10
LH:10
BRDA:5,0,0,2
BRDA:5,0,1,8
BRDA:5,1,0,10
BRDA:5,1,1,10
BRDA:5,1,2,10
BRDA:5,1,3,9
BRDA:13,2,0,2
BRDA:13,2,1,7
BRDA:13,3,0,9
BRDA:13,3,1,8
BRF:10
BRH:10
end_of_record
TN:
SF:/Users/ltrias/Desktop/testapp/models/PriceDropCommercialCondition.js
FN:4,(anonymous_0)
FN:12,(anonymous_1)
FNF:2
FNH:2
FNDA:10,(anonymous_0)
FNDA:7,(anonymous_1)
DA:5,10
DA:6,1
DA:8,9
DA:9,9
DA:13,7
DA:14,2
DA:17,5
DA:19,5
DA:20,3
DA:22,2
DA:25,5
DA:29,2
LF:12
LH:12
BRDA:5,0,0,1
BRDA:5,0,1,9
BRDA:13,1,0,2
BRDA:13,1,1,5
BRDA:13,2,0,7
BRDA:13,2,1,6
BRDA:19,3,0,3
BRDA:19,3,1,2
BRF:8
BRH:8
end_of_record
